2022-05-20 20:05:29 INFO  HomePage :29 - Mouse Hover On Buy And Sell : [[FirefoxDriver: firefox on WINDOWS (434f48b6-062d-4cdb-8f30-a2fc2f0e2866)] -> xpath: //a[contains(text(),'buy + sell')]]<br>
2022-05-20 20:05:508 INFO  HomePage :34 - Click Search Cars : [[FirefoxDriver: firefox on WINDOWS (434f48b6-062d-4cdb-8f30-a2fc2f0e2866)] -> xpath: //a[contains(text(),'Search Cars')]]<br>
2022-05-20 20:05:84 INFO  SearchCarsPage :69 - Select make : [[FirefoxDriver: firefox on WINDOWS (434f48b6-062d-4cdb-8f30-a2fc2f0e2866)] -> xpath: //select[@id='makes']]<br>
2022-05-20 20:05:667 INFO  SearchCarsPage :73 - Select  model : [[FirefoxDriver: firefox on WINDOWS (434f48b6-062d-4cdb-8f30-a2fc2f0e2866)] -> xpath: //input[@id='search-submit']]<br>
2022-05-20 20:05:950 INFO  SearchCarsPage :77 - Select  location : [[FirefoxDriver: firefox on WINDOWS (434f48b6-062d-4cdb-8f30-a2fc2f0e2866)] -> xpath: //input[@id='search-submit']]<br>
2022-05-20 20:05:325 INFO  SearchCarsPage :81 - Select  price : [[FirefoxDriver: firefox on WINDOWS (434f48b6-062d-4cdb-8f30-a2fc2f0e2866)] -> xpath: //input[@id='search-submit']]<br>
2022-05-20 20:05:756 INFO  SearchCarsPage :85 - Click on Find My Next Car tab : [[FirefoxDriver: firefox on WINDOWS (434f48b6-062d-4cdb-8f30-a2fc2f0e2866)] -> xpath: //input[@id='search-submit']]<br>
2022-05-20 20:05:275 INFO  SearchCarsPage :65 - verify Make : [[FirefoxDriver: firefox on WINDOWS (434f48b6-062d-4cdb-8f30-a2fc2f0e2866)] -> xpath: //body/div[2]/div[1]/div[1]/div[1]/form[1]/div[3]/div[6]/div[2]/div[1]/a[1]]<br>
2022-05-20 20:05:522 INFO  HomePage :29 - Mouse Hover On Buy And Sell : [[FirefoxDriver: firefox on WINDOWS (e7242050-bd2d-46a6-b203-2becd555ec0f)] -> xpath: //a[contains(text(),'buy + sell')]]<br>
2022-05-20 20:05:709 INFO  HomePage :34 - Click Search Cars : [[FirefoxDriver: firefox on WINDOWS (e7242050-bd2d-46a6-b203-2becd555ec0f)] -> xpath: //a[contains(text(),'Search Cars')]]<br>
2022-05-20 20:05:937 INFO  SearchCarsPage :69 - Select make : [[FirefoxDriver: firefox on WINDOWS (e7242050-bd2d-46a6-b203-2becd555ec0f)] -> xpath: //select[@id='makes']]<br>
2022-05-20 20:05:463 INFO  SearchCarsPage :73 - Select  model : [[FirefoxDriver: firefox on WINDOWS (e7242050-bd2d-46a6-b203-2becd555ec0f)] -> xpath: //input[@id='search-submit']]<br>
2022-05-20 20:05:249 INFO  HomePage :29 - Mouse Hover On Buy And Sell : [[FirefoxDriver: firefox on WINDOWS (9636c1d0-857c-4360-b70a-1b312b7f6394)] -> xpath: //a[contains(text(),'buy + sell')]]<br>
2022-05-20 20:05:493 INFO  HomePage :34 - Click Search Cars : [[FirefoxDriver: firefox on WINDOWS (9636c1d0-857c-4360-b70a-1b312b7f6394)] -> xpath: //a[contains(text(),'Search Cars')]]<br>
2022-05-20 20:05:863 INFO  SearchCarsPage :69 - Select make : [[FirefoxDriver: firefox on WINDOWS (9636c1d0-857c-4360-b70a-1b312b7f6394)] -> xpath: //select[@id='makes']]<br>
2022-05-20 20:05:326 INFO  SearchCarsPage :73 - Select  model : [[FirefoxDriver: firefox on WINDOWS (9636c1d0-857c-4360-b70a-1b312b7f6394)] -> xpath: //input[@id='search-submit']]<br>
2022-05-20 20:05:609 INFO  SearchCarsPage :77 - Select  location : [[FirefoxDriver: firefox on WINDOWS (9636c1d0-857c-4360-b70a-1b312b7f6394)] -> xpath: //input[@id='search-submit']]<br>
2022-05-20 20:05:864 INFO  SearchCarsPage :81 - Select  price : [[FirefoxDriver: firefox on WINDOWS (9636c1d0-857c-4360-b70a-1b312b7f6394)] -> xpath: //input[@id='search-submit']]<br>
2022-05-20 20:05:115 INFO  SearchCarsPage :85 - Click on Find My Next Car tab : [[FirefoxDriver: firefox on WINDOWS (9636c1d0-857c-4360-b70a-1b312b7f6394)] -> xpath: //input[@id='search-submit']]<br>
2022-05-20 20:05:499 INFO  SearchCarsPage :65 - verify Make : [[FirefoxDriver: firefox on WINDOWS (9636c1d0-857c-4360-b70a-1b312b7f6394)] -> xpath: //body/div[2]/div[1]/div[1]/div[1]/form[1]/div[3]/div[6]/div[2]/div[1]/a[1]]<br>
2022-05-20 20:05:724 INFO  HomePage :29 - Mouse Hover On Buy And Sell : [[FirefoxDriver: firefox on WINDOWS (cff1bd3c-cf7f-4b61-bd8d-1c1255b1517a)] -> xpath: //a[contains(text(),'buy + sell')]]<br>
2022-05-20 20:05:958 INFO  HomePage :34 - Click Search Cars : [[FirefoxDriver: firefox on WINDOWS (cff1bd3c-cf7f-4b61-bd8d-1c1255b1517a)] -> xpath: //a[contains(text(),'Search Cars')]]<br>
2022-05-20 20:05:519 INFO  SearchCarsPage :69 - Select make : [[FirefoxDriver: firefox on WINDOWS (cff1bd3c-cf7f-4b61-bd8d-1c1255b1517a)] -> xpath: //select[@id='makes']]<br>
2022-05-20 20:05:912 INFO  SearchCarsPage :73 - Select  model : [[FirefoxDriver: firefox on WINDOWS (cff1bd3c-cf7f-4b61-bd8d-1c1255b1517a)] -> xpath: //input[@id='search-submit']]<br>
2022-05-20 20:05:230 INFO  SearchCarsPage :77 - Select  location : [[FirefoxDriver: firefox on WINDOWS (cff1bd3c-cf7f-4b61-bd8d-1c1255b1517a)] -> xpath: //input[@id='search-submit']]<br>
2022-05-20 20:05:490 INFO  SearchCarsPage :81 - Select  price : [[FirefoxDriver: firefox on WINDOWS (cff1bd3c-cf7f-4b61-bd8d-1c1255b1517a)] -> xpath: //input[@id='search-submit']]<br>
2022-05-20 20:05:738 INFO  SearchCarsPage :85 - Click on Find My Next Car tab : [[FirefoxDriver: firefox on WINDOWS (cff1bd3c-cf7f-4b61-bd8d-1c1255b1517a)] -> xpath: //input[@id='search-submit']]<br>
2022-05-20 20:05:450 INFO  SearchCarsPage :65 - verify Make : [[FirefoxDriver: firefox on WINDOWS (cff1bd3c-cf7f-4b61-bd8d-1c1255b1517a)] -> xpath: //body/div[2]/div[1]/div[1]/div[1]/form[1]/div[3]/div[6]/div[2]/div[1]/a[1]]<br>
2022-05-20 20:05:925 INFO  HomePage :29 - Mouse Hover On Buy And Sell : [[FirefoxDriver: firefox on WINDOWS (7cd34bd8-815e-482f-a4c7-b3c2478da703)] -> xpath: //a[contains(text(),'buy + sell')]]<br>
2022-05-20 20:05:124 INFO  HomePage :34 - Click Search Cars : [[FirefoxDriver: firefox on WINDOWS (7cd34bd8-815e-482f-a4c7-b3c2478da703)] -> xpath: //a[contains(text(),'Search Cars')]]<br>
2022-05-20 20:05:230 INFO  SearchCarsPage :69 - Select make : [[FirefoxDriver: firefox on WINDOWS (7cd34bd8-815e-482f-a4c7-b3c2478da703)] -> xpath: //select[@id='makes']]<br>
2022-05-20 20:05:724 INFO  SearchCarsPage :73 - Select  model : [[FirefoxDriver: firefox on WINDOWS (7cd34bd8-815e-482f-a4c7-b3c2478da703)] -> xpath: //input[@id='search-submit']]<br>
2022-05-20 20:05:21 INFO  SearchCarsPage :77 - Select  location : [[FirefoxDriver: firefox on WINDOWS (7cd34bd8-815e-482f-a4c7-b3c2478da703)] -> xpath: //input[@id='search-submit']]<br>
2022-05-20 20:05:342 INFO  SearchCarsPage :81 - Select  price : [[FirefoxDriver: firefox on WINDOWS (7cd34bd8-815e-482f-a4c7-b3c2478da703)] -> xpath: //input[@id='search-submit']]<br>
2022-05-20 20:05:614 INFO  SearchCarsPage :85 - Click on Find My Next Car tab : [[FirefoxDriver: firefox on WINDOWS (7cd34bd8-815e-482f-a4c7-b3c2478da703)] -> xpath: //input[@id='search-submit']]<br>
2022-05-20 20:05:358 INFO  SearchCarsPage :65 - verify Make : [[FirefoxDriver: firefox on WINDOWS (7cd34bd8-815e-482f-a4c7-b3c2478da703)] -> xpath: //body/div[2]/div[1]/div[1]/div[1]/form[1]/div[3]/div[6]/div[2]/div[1]/a[1]]<br>
2022-05-20 20:05:186 INFO  HomePage :29 - Mouse Hover On Buy And Sell : [[FirefoxDriver: firefox on WINDOWS (59cd7318-65ec-4605-bdda-7748f362885f)] -> xpath: //a[contains(text(),'buy + sell')]]<br>
2022-05-20 20:05:440 INFO  HomePage :34 - Click Search Cars : [[FirefoxDriver: firefox on WINDOWS (59cd7318-65ec-4605-bdda-7748f362885f)] -> xpath: //a[contains(text(),'Search Cars')]]<br>
2022-05-20 20:05:859 INFO  SearchCarsPage :69 - Select make : [[FirefoxDriver: firefox on WINDOWS (59cd7318-65ec-4605-bdda-7748f362885f)] -> xpath: //select[@id='makes']]<br>
2022-05-20 20:05:288 INFO  SearchCarsPage :73 - Select  model : [[FirefoxDriver: firefox on WINDOWS (59cd7318-65ec-4605-bdda-7748f362885f)] -> xpath: //input[@id='search-submit']]<br>
2022-05-20 20:05:596 INFO  SearchCarsPage :77 - Select  location : [[FirefoxDriver: firefox on WINDOWS (59cd7318-65ec-4605-bdda-7748f362885f)] -> xpath: //input[@id='search-submit']]<br>
2022-05-20 20:05:846 INFO  SearchCarsPage :81 - Select  price : [[FirefoxDriver: firefox on WINDOWS (59cd7318-65ec-4605-bdda-7748f362885f)] -> xpath: //input[@id='search-submit']]<br>
2022-05-20 20:05:103 INFO  SearchCarsPage :85 - Click on Find My Next Car tab : [[FirefoxDriver: firefox on WINDOWS (59cd7318-65ec-4605-bdda-7748f362885f)] -> xpath: //input[@id='search-submit']]<br>
2022-05-20 20:05:653 INFO  SearchCarsPage :65 - verify Make : [[FirefoxDriver: firefox on WINDOWS (59cd7318-65ec-4605-bdda-7748f362885f)] -> xpath: //body/div[2]/div[1]/div[1]/div[1]/form[1]/div[3]/div[6]/div[2]/div[1]/a[1]]<br>
2022-05-20 20:05:461 INFO  HomePage :29 - Mouse Hover On Buy And Sell : [[FirefoxDriver: firefox on WINDOWS (e887d712-7d93-43d6-8620-ba4a852c8e5e)] -> xpath: //a[contains(text(),'buy + sell')]]<br>
2022-05-20 20:05:729 INFO  SearchCarsPage :60 - navigate to Used Cars For Sale page : [[FirefoxDriver: firefox on WINDOWS (e887d712-7d93-43d6-8620-ba4a852c8e5e)] -> xpath: //header/div[@id='u_H']/div[1]/div[1]/ul[1]/li[1]/div[1]/div[1]/div[1]/ul[1]/li[2]/a[1]]<br>
2022-05-20 20:05:24 INFO  SearchCarsPage :56 - click Used link : [[FirefoxDriver: firefox on WINDOWS (e887d712-7d93-43d6-8620-ba4a852c8e5e)] -> xpath: //body/div[6]/div[1]/div[1]/div[1]/div[1]/div[1]/div[1]/div[1]/form[1]/div[1]/label[3]]<br>
2022-05-20 20:05:336 INFO  SearchCarsPage :69 - Select make : [[FirefoxDriver: firefox on WINDOWS (e887d712-7d93-43d6-8620-ba4a852c8e5e)] -> xpath: //select[@id='makes']]<br>
2022-05-20 20:05:671 INFO  SearchCarsPage :73 - Select  model : [[FirefoxDriver: firefox on WINDOWS (e887d712-7d93-43d6-8620-ba4a852c8e5e)] -> xpath: //input[@id='search-submit']]<br>
2022-05-20 20:05:922 INFO  SearchCarsPage :77 - Select  location : [[FirefoxDriver: firefox on WINDOWS (e887d712-7d93-43d6-8620-ba4a852c8e5e)] -> xpath: //input[@id='search-submit']]<br>
2022-05-20 20:05:182 INFO  SearchCarsPage :81 - Select  price : [[FirefoxDriver: firefox on WINDOWS (e887d712-7d93-43d6-8620-ba4a852c8e5e)] -> xpath: //input[@id='search-submit']]<br>
2022-05-20 20:05:432 INFO  SearchCarsPage :85 - Click on Find My Next Car tab : [[FirefoxDriver: firefox on WINDOWS (e887d712-7d93-43d6-8620-ba4a852c8e5e)] -> xpath: //input[@id='search-submit']]<br>
2022-05-20 20:05:316 INFO  SearchCarsPage :65 - verify Make : [[FirefoxDriver: firefox on WINDOWS (e887d712-7d93-43d6-8620-ba4a852c8e5e)] -> xpath: //body/div[2]/div[1]/div[1]/div[1]/form[1]/div[3]/div[6]/div[2]/div[1]/a[1]]<br>
2022-05-20 20:05:260 INFO  HomePage :29 - Mouse Hover On Buy And Sell : [[FirefoxDriver: firefox on WINDOWS (fb430d74-bafe-44a3-b4f6-5941a554d2f9)] -> xpath: //a[contains(text(),'buy + sell')]]<br>
2022-05-20 20:05:456 INFO  SearchCarsPage :60 - navigate to Used Cars For Sale page : [[FirefoxDriver: firefox on WINDOWS (fb430d74-bafe-44a3-b4f6-5941a554d2f9)] -> xpath: //header/div[@id='u_H']/div[1]/div[1]/ul[1]/li[1]/div[1]/div[1]/div[1]/ul[1]/li[2]/a[1]]<br>
2022-05-20 20:05:501 INFO  SearchCarsPage :56 - click Used link : [[FirefoxDriver: firefox on WINDOWS (fb430d74-bafe-44a3-b4f6-5941a554d2f9)] -> xpath: //body/div[6]/div[1]/div[1]/div[1]/div[1]/div[1]/div[1]/div[1]/form[1]/div[1]/label[3]]<br>
2022-05-20 20:05:820 INFO  SearchCarsPage :69 - Select make : [[FirefoxDriver: firefox on WINDOWS (fb430d74-bafe-44a3-b4f6-5941a554d2f9)] -> xpath: //select[@id='makes']]<br>
2022-05-20 20:05:220 INFO  SearchCarsPage :73 - Select  model : [[FirefoxDriver: firefox on WINDOWS (fb430d74-bafe-44a3-b4f6-5941a554d2f9)] -> xpath: //input[@id='search-submit']]<br>
2022-05-20 20:05:504 INFO  HomePage :29 - Mouse Hover On Buy And Sell : [[FirefoxDriver: firefox on WINDOWS (9efed0b7-1387-4553-b70f-47f7b04a5682)] -> xpath: //a[contains(text(),'buy + sell')]]<br>
2022-05-20 20:05:690 INFO  SearchCarsPage :60 - navigate to Used Cars For Sale page : [[FirefoxDriver: firefox on WINDOWS (9efed0b7-1387-4553-b70f-47f7b04a5682)] -> xpath: //header/div[@id='u_H']/div[1]/div[1]/ul[1]/li[1]/div[1]/div[1]/div[1]/ul[1]/li[2]/a[1]]<br>
2022-05-20 20:05:181 INFO  SearchCarsPage :56 - click Used link : [[FirefoxDriver: firefox on WINDOWS (9efed0b7-1387-4553-b70f-47f7b04a5682)] -> xpath: //body/div[6]/div[1]/div[1]/div[1]/div[1]/div[1]/div[1]/div[1]/form[1]/div[1]/label[3]]<br>
2022-05-20 20:05:640 INFO  SearchCarsPage :69 - Select make : [[FirefoxDriver: firefox on WINDOWS (9efed0b7-1387-4553-b70f-47f7b04a5682)] -> xpath: //select[@id='makes']]<br>
2022-05-20 20:05:40 INFO  SearchCarsPage :73 - Select  model : [[FirefoxDriver: firefox on WINDOWS (9efed0b7-1387-4553-b70f-47f7b04a5682)] -> xpath: //input[@id='search-submit']]<br>
2022-05-20 20:05:445 INFO  SearchCarsPage :77 - Select  location : [[FirefoxDriver: firefox on WINDOWS (9efed0b7-1387-4553-b70f-47f7b04a5682)] -> xpath: //input[@id='search-submit']]<br>
2022-05-20 20:05:869 INFO  SearchCarsPage :81 - Select  price : [[FirefoxDriver: firefox on WINDOWS (9efed0b7-1387-4553-b70f-47f7b04a5682)] -> xpath: //input[@id='search-submit']]<br>
2022-05-20 20:05:118 INFO  SearchCarsPage :85 - Click on Find My Next Car tab : [[FirefoxDriver: firefox on WINDOWS (9efed0b7-1387-4553-b70f-47f7b04a5682)] -> xpath: //input[@id='search-submit']]<br>
2022-05-20 20:05:432 INFO  SearchCarsPage :65 - verify Make : [[FirefoxDriver: firefox on WINDOWS (9efed0b7-1387-4553-b70f-47f7b04a5682)] -> xpath: //body/div[2]/div[1]/div[1]/div[1]/form[1]/div[3]/div[6]/div[2]/div[1]/a[1]]<br>
2022-05-20 20:05:322 INFO  HomePage :29 - Mouse Hover On Buy And Sell : [[FirefoxDriver: firefox on WINDOWS (ae3fe1f1-a0b5-4439-97ec-f7ca4d4800ab)] -> xpath: //a[contains(text(),'buy + sell')]]<br>
2022-05-20 20:05:555 INFO  SearchCarsPage :60 - navigate to Used Cars For Sale page : [[FirefoxDriver: firefox on WINDOWS (ae3fe1f1-a0b5-4439-97ec-f7ca4d4800ab)] -> xpath: //header/div[@id='u_H']/div[1]/div[1]/ul[1]/li[1]/div[1]/div[1]/div[1]/ul[1]/li[2]/a[1]]<br>
2022-05-20 20:05:727 INFO  SearchCarsPage :56 - click Used link : [[FirefoxDriver: firefox on WINDOWS (ae3fe1f1-a0b5-4439-97ec-f7ca4d4800ab)] -> xpath: //body/div[6]/div[1]/div[1]/div[1]/div[1]/div[1]/div[1]/div[1]/form[1]/div[1]/label[3]]<br>
2022-05-20 20:05:139 INFO  SearchCarsPage :69 - Select make : [[FirefoxDriver: firefox on WINDOWS (ae3fe1f1-a0b5-4439-97ec-f7ca4d4800ab)] -> xpath: //select[@id='makes']]<br>
2022-05-20 20:05:551 INFO  SearchCarsPage :73 - Select  model : [[FirefoxDriver: firefox on WINDOWS (ae3fe1f1-a0b5-4439-97ec-f7ca4d4800ab)] -> xpath: //input[@id='search-submit']]<br>
2022-05-20 20:05:08 INFO  SearchCarsPage :77 - Select  location : [[FirefoxDriver: firefox on WINDOWS (ae3fe1f1-a0b5-4439-97ec-f7ca4d4800ab)] -> xpath: //input[@id='search-submit']]<br>
2022-05-20 20:05:410 INFO  SearchCarsPage :81 - Select  price : [[FirefoxDriver: firefox on WINDOWS (ae3fe1f1-a0b5-4439-97ec-f7ca4d4800ab)] -> xpath: //input[@id='search-submit']]<br>
2022-05-20 20:05:735 INFO  SearchCarsPage :85 - Click on Find My Next Car tab : [[FirefoxDriver: firefox on WINDOWS (ae3fe1f1-a0b5-4439-97ec-f7ca4d4800ab)] -> xpath: //input[@id='search-submit']]<br>
2022-05-20 20:05:882 INFO  SearchCarsPage :65 - verify Make : [[FirefoxDriver: firefox on WINDOWS (ae3fe1f1-a0b5-4439-97ec-f7ca4d4800ab)] -> xpath: //body/div[2]/div[1]/div[1]/div[1]/form[1]/div[3]/div[6]/div[2]/div[1]/a[1]]<br>
2022-05-20 20:05:550 INFO  HomePage :29 - Mouse Hover On Buy And Sell : [[FirefoxDriver: firefox on WINDOWS (f9dc3912-4deb-4ebe-94ef-e4472e3bd61c)] -> xpath: //a[contains(text(),'buy + sell')]]<br>
2022-05-20 20:05:740 INFO  SearchCarsPage :60 - navigate to Used Cars For Sale page : [[FirefoxDriver: firefox on WINDOWS (f9dc3912-4deb-4ebe-94ef-e4472e3bd61c)] -> xpath: //header/div[@id='u_H']/div[1]/div[1]/ul[1]/li[1]/div[1]/div[1]/div[1]/ul[1]/li[2]/a[1]]<br>
2022-05-20 20:05:737 INFO  SearchCarsPage :56 - click Used link : [[FirefoxDriver: firefox on WINDOWS (f9dc3912-4deb-4ebe-94ef-e4472e3bd61c)] -> xpath: //body/div[6]/div[1]/div[1]/div[1]/div[1]/div[1]/div[1]/div[1]/form[1]/div[1]/label[3]]<br>
2022-05-20 20:05:54 INFO  SearchCarsPage :69 - Select make : [[FirefoxDriver: firefox on WINDOWS (f9dc3912-4deb-4ebe-94ef-e4472e3bd61c)] -> xpath: //select[@id='makes']]<br>
2022-05-20 20:05:441 INFO  SearchCarsPage :73 - Select  model : [[FirefoxDriver: firefox on WINDOWS (f9dc3912-4deb-4ebe-94ef-e4472e3bd61c)] -> xpath: //input[@id='search-submit']]<br>
2022-05-20 20:05:785 INFO  SearchCarsPage :77 - Select  location : [[FirefoxDriver: firefox on WINDOWS (f9dc3912-4deb-4ebe-94ef-e4472e3bd61c)] -> xpath: //input[@id='search-submit']]<br>
2022-05-20 20:05:43 INFO  SearchCarsPage :81 - Select  price : [[FirefoxDriver: firefox on WINDOWS (f9dc3912-4deb-4ebe-94ef-e4472e3bd61c)] -> xpath: //input[@id='search-submit']]<br>
2022-05-20 20:05:327 INFO  SearchCarsPage :85 - Click on Find My Next Car tab : [[FirefoxDriver: firefox on WINDOWS (f9dc3912-4deb-4ebe-94ef-e4472e3bd61c)] -> xpath: //input[@id='search-submit']]<br>
2022-05-20 20:05:403 INFO  SearchCarsPage :65 - verify Make : [[FirefoxDriver: firefox on WINDOWS (f9dc3912-4deb-4ebe-94ef-e4472e3bd61c)] -> xpath: //body/div[2]/div[1]/div[1]/div[1]/form[1]/div[3]/div[6]/div[2]/div[1]/a[1]]<br>
2022-05-20 20:05:396 INFO  HomePage :29 - Mouse Hover On Buy And Sell : [[FirefoxDriver: firefox on WINDOWS (17b836a8-1ab1-4251-836b-4bb9f1a099f6)] -> xpath: //a[contains(text(),'buy + sell')]]<br>
2022-05-20 20:05:588 INFO  SearchCarsPage :60 - navigate to Used Cars For Sale page : [[FirefoxDriver: firefox on WINDOWS (17b836a8-1ab1-4251-836b-4bb9f1a099f6)] -> xpath: //header/div[@id='u_H']/div[1]/div[1]/ul[1]/li[1]/div[1]/div[1]/div[1]/ul[1]/li[2]/a[1]]<br>
2022-05-20 20:05:615 INFO  SearchCarsPage :56 - click Used link : [[FirefoxDriver: firefox on WINDOWS (17b836a8-1ab1-4251-836b-4bb9f1a099f6)] -> xpath: //body/div[6]/div[1]/div[1]/div[1]/div[1]/div[1]/div[1]/div[1]/form[1]/div[1]/label[3]]<br>
2022-05-20 20:05:146 INFO  SearchCarsPage :69 - Select make : [[FirefoxDriver: firefox on WINDOWS (17b836a8-1ab1-4251-836b-4bb9f1a099f6)] -> xpath: //select[@id='makes']]<br>
2022-05-20 20:05:498 INFO  SearchCarsPage :73 - Select  model : [[FirefoxDriver: firefox on WINDOWS (17b836a8-1ab1-4251-836b-4bb9f1a099f6)] -> xpath: //input[@id='search-submit']]<br>
2022-05-20 20:05:806 INFO  SearchCarsPage :77 - Select  location : [[FirefoxDriver: firefox on WINDOWS (17b836a8-1ab1-4251-836b-4bb9f1a099f6)] -> xpath: //input[@id='search-submit']]<br>
2022-05-20 20:05:193 INFO  SearchCarsPage :81 - Select  price : [[FirefoxDriver: firefox on WINDOWS (17b836a8-1ab1-4251-836b-4bb9f1a099f6)] -> xpath: //input[@id='search-submit']]<br>
2022-05-20 20:05:446 INFO  SearchCarsPage :85 - Click on Find My Next Car tab : [[FirefoxDriver: firefox on WINDOWS (17b836a8-1ab1-4251-836b-4bb9f1a099f6)] -> xpath: //input[@id='search-submit']]<br>
2022-05-20 20:05:907 INFO  SearchCarsPage :65 - verify Make : [[FirefoxDriver: firefox on WINDOWS (17b836a8-1ab1-4251-836b-4bb9f1a099f6)] -> xpath: //body/div[2]/div[1]/div[1]/div[1]/form[1]/div[3]/div[6]/div[2]/div[1]/a[1]]<br>
